c:\users\jeppe\desktop\emailproject\emailproject-main\emailproject-main\visualstudioproject\nativelib\debug\vc142.pdb
c:\users\jeppe\desktop\emailproject\emailproject-main\emailproject-main\visualstudioproject\nativelib\debug\vc142.idb
c:\users\jeppe\desktop\emailproject\emailproject-main\emailproject-main\visualstudioproject\nativelib\debug\nativelib.obj
c:\users\jeppe\documents\github\wemailgithubrepo\emailproject-main-working\emailproject-main\visualstudioproject\nativelib\debug\vc142.pdb
c:\users\jeppe\documents\github\wemailgithubrepo\emailproject-main-working\emailproject-main\visualstudioproject\nativelib\debug\vc142.idb
c:\users\jeppe\documents\github\wemailgithubrepo\emailproject-main-working\emailproject-main\visualstudioproject\nativelib\debug\nativelib.obj
c:\users\jeppe\desktop\emailproject\emailproject-main\emailproject-main\visualstudioproject\debug\nativelib.ilk
c:\users\jeppe\desktop\emailproject\emailproject-main\emailproject-main\visualstudioproject\debug\nativelib.dll
c:\users\jeppe\desktop\emailproject\emailproject-main\emailproject-main\visualstudioproject\debug\nativelib.pdb
c:\users\jeppe\documents\github\wemailgithubrepo\emailproject-main-working\emailproject-main\visualstudioproject\debug\nativelib.dll
c:\users\jeppe\documents\github\wemailgithubrepo\emailproject-main-working\emailproject-main\visualstudioproject\debug\nativelib.ilk
c:\users\jeppe\documents\github\wemailgithubrepo\emailproject-main-working\emailproject-main\visualstudioproject\debug\nativelib.pdb
c:\users\jeppe\desktop\emailproject\emailproject-main\emailproject-main\visualstudioproject\debug\nativelib.lib
c:\users\jeppe\desktop\emailproject\emailproject-main\emailproject-main\visualstudioproject\debug\nativelib.exp
c:\users\jeppe\documents\github\wemailgithubrepo\emailproject-main-working\emailproject-main\visualstudioproject\debug\nativelib.lib
c:\users\jeppe\documents\github\wemailgithubrepo\emailproject-main-working\emailproject-main\visualstudioproject\debug\nativelib.exp
c:\users\jeppe\documents\github\wemailgithubrepo\emailproject-main-working\emailproject-main\visualstudioproject\nativelib\debug\nativelib.tlog\cl.command.1.tlog
c:\users\jeppe\documents\github\wemailgithubrepo\emailproject-main-working\emailproject-main\visualstudioproject\nativelib\debug\nativelib.tlog\cl.read.1.tlog
c:\users\jeppe\documents\github\wemailgithubrepo\emailproject-main-working\emailproject-main\visualstudioproject\nativelib\debug\nativelib.tlog\cl.write.1.tlog
c:\users\jeppe\documents\github\wemailgithubrepo\emailproject-main-working\emailproject-main\visualstudioproject\nativelib\debug\nativelib.tlog\link.command.1.tlog
c:\users\jeppe\documents\github\wemailgithubrepo\emailproject-main-working\emailproject-main\visualstudioproject\nativelib\debug\nativelib.tlog\link.delete.1.tlog
c:\users\jeppe\documents\github\wemailgithubrepo\emailproject-main-working\emailproject-main\visualstudioproject\nativelib\debug\nativelib.tlog\link.read.1.tlog
c:\users\jeppe\documents\github\wemailgithubrepo\emailproject-main-working\emailproject-main\visualstudioproject\nativelib\debug\nativelib.tlog\link.write.1.tlog
c:\users\jeppe\documents\github\wemailgithubrepo\emailproject-main-working\emailproject-main\visualstudioproject\nativelib\debug\nativelib.tlog\nativelib.write.1u.tlog
